06:19:53 **** Build of configuration Debug for project proj_jibin_freertosBlink01 ****
make -r -j4 all 
Building file: ../src/crp.c
Building file: ../src/proj_jibin_freertosBlink01.c
Building file: ../src/sysinit.c
Building file: ../src/cr_startup_lpc175x_6x.c
Invoking: MCU C Compiler
arm-none-eabi-gcc -DDEBUG -D__CODE_RED -DCORE_M3 -D__USE_LPCOPEN -D__LPC17XX__ -D__REDLIB__ -I"/home/jibin/Desktop/jibin/myWorks/mcuXpresso/lpc_board_nxp_lpcxpresso_1769/inc" -I"/home/jibin/Desktop/jibin/myWorks/mcuXpresso/lpc_chip_175x_6x/inc" -O0 -fno-common -g3 -Wall -c -fmessage-length=0 -fno-builtin -ffunction-sections -fdata-sections -mcpu=cortex-m3 -mthumb -specs=redlib.specs -MMD -MP -MF"src/proj_jibin_freertosBlink01.d" -MT"src/proj_jibin_freertosBlink01.o" -MT"src/proj_jibin_freertosBlink01.d" -o "src/proj_jibin_freertosBlink01.o" "../src/proj_jibin_freertosBlink01.c"
Invoking: MCU C Compiler
arm-none-eabi-gcc -DDEBUG -D__CODE_RED -DCORE_M3 -D__USE_LPCOPEN -D__LPC17XX__ -D__REDLIB__ -I"/home/jibin/Desktop/jibin/myWorks/mcuXpresso/lpc_board_nxp_lpcxpresso_1769/inc" -I"/home/jibin/Desktop/jibin/myWorks/mcuXpresso/lpc_chip_175x_6x/inc" -O0 -fno-common -g3 -Wall -c -fmessage-length=0 -fno-builtin -ffunction-sections -fdata-sections -mcpu=cortex-m3 -mthumb -specs=redlib.specs -MMD -MP -MF"src/sysinit.d" -MT"src/sysinit.o" -MT"src/sysinit.d" -o "src/sysinit.o" "../src/sysinit.c"
Invoking: MCU C Compiler
arm-none-eabi-gcc -DDEBUG -D__CODE_RED -DCORE_M3 -D__USE_LPCOPEN -D__LPC17XX__ -D__REDLIB__ -I"/home/jibin/Desktop/jibin/myWorks/mcuXpresso/lpc_board_nxp_lpcxpresso_1769/inc" -I"/home/jibin/Desktop/jibin/myWorks/mcuXpresso/lpc_chip_175x_6x/inc" -O0 -fno-common -g3 -Wall -c -fmessage-length=0 -fno-builtin -ffunction-sections -fdata-sections -mcpu=cortex-m3 -mthumb -specs=redlib.specs -MMD -MP -MF"src/crp.d" -MT"src/crp.o" -MT"src/crp.d" -o "src/crp.o" "../src/crp.c"
Invoking: MCU C Compiler
arm-none-eabi-gcc -DDEBUG -D__CODE_RED -DCORE_M3 -D__USE_LPCOPEN -D__LPC17XX__ -D__REDLIB__ -I"/home/jibin/Desktop/jibin/myWorks/mcuXpresso/lpc_board_nxp_lpcxpresso_1769/inc" -I"/home/jibin/Desktop/jibin/myWorks/mcuXpresso/lpc_chip_175x_6x/inc" -O0 -fno-common -g3 -Wall -c -fmessage-length=0 -fno-builtin -ffunction-sections -fdata-sections -mcpu=cortex-m3 -mthumb -specs=redlib.specs -MMD -MP -MF"src/cr_startup_lpc175x_6x.d" -MT"src/cr_startup_lpc175x_6x.o" -MT"src/cr_startup_lpc175x_6x.d" -o "src/cr_startup_lpc175x_6x.o" "../src/cr_startup_lpc175x_6x.c"
../src/proj_jibin_freertosBlink01.c:12:10: fatal error: FreeRTOS.h: No such file or directory
 #include <FreeRTOS.h>
          ^~~~~~~~~~~~
compilation terminated.
make: *** [src/proj_jibin_freertosBlink01.o] Error 1
make: *** Waiting for unfinished jobs....
src/subdir.mk:27: recipe for target 'src/proj_jibin_freertosBlink01.o' failed
Finished building: ../src/crp.c
Finished building: ../src/cr_startup_lpc175x_6x.c
 
 
Finished building: ../src/sysinit.c
 

06:19:54 Build Finished (took 622ms)

